Citas vivas: el intervalo relevante de dias es 2 5
5 2 1 1

Citas vivas: el intervalo relevante de dias es 3 6
5 2 1 1

Citas ya realizadas: el intervalo relevante de dias es 1 1

Citas vivas: el intervalo relevante de dias es 3 6
3 3 1 2
4 3 1 3
5 2 1 1
6 3 1 4

Citas vivas: el intervalo relevante de dias es 3 6
3 3 1 2
4 3 1 3
5 2 1 1
6 3 1 4

Citas vivas: el intervalo relevante de dias es 3 6
3 2 1 5
3 3 1 2
4 2 1 6
4 3 1 3
5 2 1 1
6 1 1 7
6 2 1 8
6 3 1 4

Citas vivas: el intervalo relevante de dias es 3 6
3 2 1 5
3 3 1 2
4 2 1 6
4 3 1 3
5 2 1 1
6 1 1 7
6 2 1 8
6 3 1 4

Citas ya realizadas: el intervalo relevante de dias es 3 4
3 2 1 5
3 3 1 2
4 2 1 6
4 3 1 3

Citas vivas: el intervalo relevante de dias es 6 9
6 1 1 7
6 2 1 8
6 3 1 4

Citas vivas: el intervalo relevante de dias es 6 9
6 1 1 7
6 2 1 8
6 3 1 4
8 4 1 10
8 5 1 9
9 4 1 12
9 5 1 11

Citas vivas: el intervalo relevante de dias es 6 9
6 1 1 7
6 2 1 8
6 3 1 4
8 4 1 10
8 5 1 9
9 4 1 12
9 5 1 11

Citas ya realizadas: el intervalo relevante de dias es 3 4
3 2 1 5
3 3 1 2
4 2 1 6
4 3 1 3

Citas vivas: el intervalo relevante de dias es 7 10
8 4 1 10
8 5 1 9
9 4 1 12
9 5 1 11

Citas ya realizadas: el intervalo relevante de dias es 4 5
4 2 1 6
4 3 1 3
5 2 1 1

Citas vivas: el intervalo relevante de dias es 14 17

Citas ya realizadas: el intervalo relevante de dias es 11 12

