Citas vivas: el intervalo relevante de dias es 2 5
2 1 1 1
2 2 1 3
2 4 1 6
2 12 1 4
3 1 1 2
3 2 1 5

Citas vivas: el intervalo relevante de dias es 2 5
2 1 1 1
2 2 1 3
2 4 1 6
2 11 1 7
2 12 1 4
3 1 1 2
3 2 1 5

Citas vivas: el intervalo relevante de dias es 2 5
2 2 1 1
2 4 1 3
2 5 1 6
2 11 1 7
2 17 1 4
3 1 1 2
3 2 1 5

Citas vivas: el intervalo relevante de dias es 2 5
2 2 1 1
2 4 1 3
2 5 1 6
2 11 1 7
2 17 1 4
3 1 1 2
3 2 1 5

Citas vivas: el intervalo relevante de dias es 2 5
2 2 1 1
2 4 1 3
2 5 1 6
2 11 1 7
3 1 1 2
3 2 1 5
3 12 1 4

Citas vivas: el intervalo relevante de dias es 2 5
2 4 1 3
2 5 1 6
2 8 1 1
2 11 1 7
3 1 1 2
3 2 1 5
3 12 1 4

Citas vivas: el intervalo relevante de dias es 2 5
2 4 1 3
2 5 1 6
2 8 1 1
2 9 1 8
2 11 1 7
3 1 1 2
3 2 1 5
3 12 1 4

Citas vivas: el intervalo relevante de dias es 2 5
2 4 1 3
2 5 1 6
2 8 1 1
2 10 1 8
2 11 1 7
3 1 1 2
3 2 1 5
3 12 1 4

Citas vivas: el intervalo relevante de dias es 2 5
2 4 1 3
2 5 1 6
2 8 1 1
2 11 1 7
3 1 1 2
3 2 1 5
3 6 1 8
3 12 1 4

Citas vivas: el intervalo relevante de dias es 3 6
3 1 1 2
3 2 1 5
3 6 1 8
3 12 1 4

Citas vivas: el intervalo relevante de dias es 4 7
4 1 1 9
4 2 1 10

Citas ya realizadas: el intervalo relevante de dias es 1 2
2 4 1 3
2 5 1 6
2 8 1 1
2 11 1 7

