Citas vivas: el intervalo relevante de dias es 11 13
11 1 1
11 2 5
11 3 4
11 4 3
11 5 2
11 6 7
12 1 6
12 5 8

Citas ya realizadas: el intervalo relevante de dias es 5 9

Citas ya realizadas: el intervalo relevante de dias es 12 16
12 1 6
12 5 8

Citas vivas: el intervalo relevante de dias es 103 105
103 1 11

Citas ya realizadas: el intervalo relevante de dias es 97 101
101 1 9
101 2 16
101 3 15
101 4 14
101 5 12
101 6 18

Citas ya realizadas: el intervalo relevante de dias es 102 106
102 1 10
102 4 17
102 5 13
103 1 11

